<?xml version="1.0" encoding="UTF-8"?>
<!-- Generated by org.testng.reporters.JUnitReportReporter -->
<testsuite hostname="U0105019-TPL-A" name="scripts.TestInvalidLogin" tests="1" failures="0" timestamp="3 Dec 2017 07:57:01 GMT" time="7.493" errors="0">
  <testcase name="testInvalidLogin" time="7.493" classname="scripts.TestInvalidLogin"/>
</testsuite> <!-- scripts.TestInvalidLogin -->
